{"ts": "2026-04-05T00:07:21.645358", "level": "INFO", "logger": "spj", "msg": "Logging configurado — dir=logs level=INFO", "module": "logging_setup", "line": 83}
{"ts": "2026-04-05T00:07:34.395088", "level": "INFO", "logger": "SPJ.Boot", "msg": "═══════════════════════════════════════════════════════", "module": "main", "line": 107}
{"ts": "2026-04-05T00:07:34.395366", "level": "INFO", "logger": "SPJ.Boot", "msg": "  SPJ POS Enterprise v13.4.0", "module": "main", "line": 108}
{"ts": "2026-04-05T00:07:34.395506", "level": "INFO", "logger": "SPJ.Boot", "msg": "═══════════════════════════════════════════════════════", "module": "main", "line": 109}
{"ts": "2026-04-05T00:07:34.771419", "level": "INFO", "logger": "SPJ.Boot", "msg": "✅ Integridad BD OK", "module": "main", "line": 74}
{"ts": "2026-04-05T00:07:34.789223", "level": "INFO", "logger": "spj.migrations", "msg": "Base de datos al día — sin migraciones pendientes.", "module": "engine", "line": 106}
{"ts": "2026-04-05T00:07:34.791308", "level": "INFO", "logger": "SPJ.Boot", "msg": "✅ Migraciones OK", "module": "main", "line": 127}
{"ts": "2026-04-05T00:07:34.793832", "level": "INFO", "logger": "core.app_container", "msg": "Inicializando AppContainer...", "module": "app_container", "line": 55}
{"ts": "2026-04-05T00:07:34.810750", "level": "INFO", "logger": "core.services.config_service", "msg": "Configuración cargada: 50 parámetros en memoria.", "module": "config_service", "line": 20}
{"ts": "2026-04-05T00:07:34.824432", "level": "INFO", "logger": "spj.loyalty", "msg": "LoyaltyService: GrowthEngine conectado (suc=1)", "module": "loyalty_service", "line": 30}
{"ts": "2026-04-05T00:07:34.864605", "level": "INFO", "logger": "core.services.hardware_service", "msg": "Configuraciones de hardware cargadas en memoria.", "module": "hardware_service", "line": 29}
{"ts": "2026-04-05T00:07:34.983013", "level": "INFO", "logger": "spj.printer", "msg": "Cola de impresión iniciada", "module": "printer_service", "line": 195}
{"ts": "2026-04-05T00:07:35.562281", "level": "INFO", "logger": "spj.events.wiring", "msg": "EventBus wiring completado — 5 eventos activos", "module": "wiring", "line": 42}
{"ts": "2026-04-05T00:07:35.570565", "level": "INFO", "logger": "spj.rbac", "msg": "RBAC inicializado", "module": "rbac", "line": 138}
{"ts": "2026-04-05T00:07:35.576149", "level": "INFO", "logger": "spj.scheduler", "msg": "Scheduler: tarea 'conciliacion' registrada (intervalo=3600s offpeak=False)", "module": "scheduler_service", "line": 100}
{"ts": "2026-04-05T00:07:35.576335", "level": "INFO", "logger": "spj.scheduler", "msg": "Scheduler: tarea 'loyalty_snapshot' registrada (intervalo=1800s offpeak=False)", "module": "scheduler_service", "line": 100}
{"ts": "2026-04-05T00:07:35.576449", "level": "INFO", "logger": "spj.scheduler", "msg": "Scheduler: tarea 'forecast' registrada (intervalo=86400s offpeak=True)", "module": "scheduler_service", "line": 100}
{"ts": "2026-04-05T00:07:35.576555", "level": "INFO", "logger": "spj.scheduler", "msg": "Scheduler: tarea 'limpieza_event_log' registrada (intervalo=86400s offpeak=True)", "module": "scheduler_service", "line": 100}
{"ts": "2026-04-05T00:07:35.576658", "level": "INFO", "logger": "spj.scheduler", "msg": "Scheduler: tarea 'alertas_check' registrada (intervalo=300s offpeak=False)", "module": "scheduler_service", "line": 100}
{"ts": "2026-04-05T00:07:35.576757", "level": "INFO", "logger": "spj.scheduler", "msg": "Scheduler: tarea 'depreciacion_activos' registrada (intervalo=86400s offpeak=False)", "module": "scheduler_service", "line": 100}
{"ts": "2026-04-05T00:07:35.576865", "level": "INFO", "logger": "spj.scheduler", "msg": "Scheduler: tarea 'escalacion_pedidos_wa' registrada (intervalo=60s offpeak=False)", "module": "scheduler_service", "line": 100}
{"ts": "2026-04-05T00:07:35.576966", "level": "INFO", "logger": "spj.scheduler", "msg": "Scheduler: tarea 'recordatorios_ordenes' registrada (intervalo=3600s offpeak=False)", "module": "scheduler_service", "line": 100}
{"ts": "2026-04-05T00:07:35.577144", "level": "INFO", "logger": "spj.scheduler", "msg": "Scheduler: tarea 'wa_fallidos_check' registrada (intervalo=3600s offpeak=False)", "module": "scheduler_service", "line": 100}
{"ts": "2026-04-05T00:07:35.577253", "level": "INFO", "logger": "spj.scheduler", "msg": "Scheduler: tarea 'happy_hour_check' registrada (intervalo=60s offpeak=False)", "module": "scheduler_service", "line": 100}
{"ts": "2026-04-05T00:07:35.577350", "level": "INFO", "logger": "spj.scheduler", "msg": "Scheduler: tarea 'backup_diario' registrada (intervalo=86400s offpeak=True)", "module": "scheduler_service", "line": 100}
{"ts": "2026-04-05T00:07:35.577446", "level": "INFO", "logger": "spj.scheduler", "msg": "Scheduler: tarea 'expiracion_estrellas' registrada (intervalo=86400s offpeak=True)", "module": "scheduler_service", "line": 100}
{"ts": "2026-04-05T00:07:35.577544", "level": "INFO", "logger": "spj.scheduler", "msg": "Scheduler: tarea 'mantenimiento_semanal' registrada (intervalo=86400s offpeak=False)", "module": "scheduler_service", "line": 100}
{"ts": "2026-04-05T00:07:35.577640", "level": "INFO", "logger": "spj.scheduler", "msg": "Scheduler: tarea 'auto_cierre_turno' registrada (intervalo=600s offpeak=False)", "module": "scheduler_service", "line": 100}
{"ts": "2026-04-05T00:07:35.577735", "level": "INFO", "logger": "spj.scheduler", "msg": "Scheduler: tarea 'reporte_email_diario' registrada (intervalo=86400s offpeak=True)", "module": "scheduler_service", "line": 100}
{"ts": "2026-04-05T00:07:35.578603", "level": "INFO", "logger": "spj.scheduler", "msg": "SchedulerService iniciado con 15 tareas.", "module": "scheduler_service", "line": 144}
{"ts": "2026-04-05T00:07:35.580517", "level": "INFO", "logger": "core.app_container", "msg": "✅ AppContainer inicializado con éxito. Todos los motores en línea.", "module": "app_container", "line": 467}
{"ts": "2026-04-05T00:07:35.580675", "level": "INFO", "logger": "SPJ.Boot", "msg": "✅ AppContainer activo", "module": "main", "line": 133}
{"ts": "2026-04-05T00:07:35.639061", "level": "INFO", "logger": "spj.whatsapp", "msg": "WA webhook puerto 8767", "module": "whatsapp_service", "line": 393}
{"ts": "2026-04-05T00:07:37.636281", "level": "INFO", "logger": "spj.distribution_engine", "msg": "Conciliación OK sucursal=1: diff=0.000", "module": "distribution_engine", "line": 538}
{"ts": "2026-04-05T00:07:37.636445", "level": "INFO", "logger": "spj.scheduler", "msg": "Scheduler 'conciliacion' OK (2.06s)", "module": "scheduler_service", "line": 196}
{"ts": "2026-04-05T00:07:37.636814", "level": "INFO", "logger": "spj.scheduler", "msg": "Scheduler 'loyalty_snapshot' OK (0.00s)", "module": "scheduler_service", "line": 196}
{"ts": "2026-04-05T00:07:37.637975", "level": "INFO", "logger": "spj.alertas", "msg": "Alerta [stock_bajo]: Stock bajo: Alas — 0.00 (min: 1.00)", "module": "alertas_service", "line": 113}
{"ts": "2026-04-05T00:07:37.638296", "level": "INFO", "logger": "spj.alertas", "msg": "Alerta [stock_bajo]: Stock bajo: Cocacola — 0.00 (min: 5.00)", "module": "alertas_service", "line": 113}
{"ts": "2026-04-05T00:07:37.638546", "level": "INFO", "logger": "spj.alertas", "msg": "Alerta [stock_bajo]: Stock bajo: Pechuga — 0.00 (min: 3.00)", "module": "alertas_service", "line": 113}
{"ts": "2026-04-05T00:07:37.638881", "level": "INFO", "logger": "spj.alertas", "msg": "Alerta [stock_bajo]: Stock bajo: Pierna y Muzlo — 0.00 (min: 2.00)", "module": "alertas_service", "line": 113}
{"ts": "2026-04-05T00:07:37.639128", "level": "INFO", "logger": "spj.alertas", "msg": "Alerta [stock_bajo]: Stock bajo: Pollo Entero — 0.00 (min: 1.00)", "module": "alertas_service", "line": 113}
{"ts": "2026-04-05T00:07:37.640348", "level": "INFO", "logger": "spj.alertas", "msg": "Alerta [caja_saldo_bajo]: Saldo de caja: $0.00 (umbral: $500.00)", "module": "alertas_service", "line": 113}
{"ts": "2026-04-05T00:07:37.644800", "level": "INFO", "logger": "spj.alerts", "msg": "AlertEngine: 0 alertas (0 críticas)", "module": "alert_engine", "line": 172}
{"ts": "2026-04-05T00:07:37.645047", "level": "INFO", "logger": "spj.scheduler", "msg": "Scheduler 'alertas_check' OK (0.01s)", "module": "scheduler_service", "line": 196}
{"ts": "2026-04-05T00:07:37.645155", "level": "INFO", "logger": "spj.scheduler", "msg": "Scheduler 'depreciacion_activos' OK (0.00s)", "module": "scheduler_service", "line": 196}
{"ts": "2026-04-05T00:07:37.645479", "level": "INFO", "logger": "spj.scheduler", "msg": "Scheduler 'escalacion_pedidos_wa' OK (0.00s)", "module": "scheduler_service", "line": 196}
{"ts": "2026-04-05T00:07:37.645862", "level": "INFO", "logger": "spj.scheduler", "msg": "Scheduler 'recordatorios_ordenes' OK (0.00s)", "module": "scheduler_service", "line": 196}
{"ts": "2026-04-05T00:07:37.646024", "level": "INFO", "logger": "spj.scheduler", "msg": "Scheduler 'wa_fallidos_check' OK (0.00s)", "module": "scheduler_service", "line": 196}
{"ts": "2026-04-05T00:07:37.646210", "level": "INFO", "logger": "spj.scheduler", "msg": "Scheduler 'happy_hour_check' OK (0.00s)", "module": "scheduler_service", "line": 196}
{"ts": "2026-04-05T00:07:37.646308", "level": "INFO", "logger": "spj.scheduler", "msg": "Scheduler 'mantenimiento_semanal' OK (0.00s)", "module": "scheduler_service", "line": 196}
{"ts": "2026-04-05T00:07:37.646395", "level": "INFO", "logger": "spj.scheduler", "msg": "Scheduler 'auto_cierre_turno' OK (0.00s)", "module": "scheduler_service", "line": 196}
{"ts": "2026-04-05T00:07:38.364403", "level": "INFO", "logger": "spj.ventas", "msg": "✅ Tema 'Claro' aplicado correctamente", "module": "ventas", "line": 844}
{"ts": "2026-04-05T00:07:38.437423", "level": "INFO", "logger": "spj.ui.recepcion_qr", "msg": "LectorQR activado en RecepcionQRWidget.", "module": "recepcion_qr_widget", "line": 458}
{"ts": "2026-04-05T00:07:38.666736", "level": "INFO", "logger": "spj.ui.recepcion_qr", "msg": "LectorQR activado en RecepcionQRWidget.", "module": "recepcion_qr_widget", "line": 458}
{"ts": "2026-04-05T00:07:40.129776", "level": "WARNING", "logger": "modulos.base", "msg": "Advertencia: Icono 'security.png' no encontrado, usando icono por defecto", "module": "base", "line": 77}
{"ts": "2026-04-05T00:07:42.207164", "level": "INFO", "logger": "spj.ventas", "msg": "✅ Tema 'Claro' aplicado correctamente", "module": "ventas", "line": 844}
{"ts": "2026-04-05T00:07:42.648574", "level": "INFO", "logger": "SPJ.Boot", "msg": "✅ UI lista", "module": "main", "line": 149}
{"ts": "2026-04-05T00:07:43.427428", "level": "WARNING", "logger": "spj.ui.produccion", "msg": "load_recetas: 'sqlite3.Connection' object has no attribute 'fetchall'", "module": "produccion", "line": 771}
{"ts": "2026-04-05T00:07:43.432923", "level": "WARNING", "logger": "spj.ui.produccion", "msg": "load_historial: no such column: r.nombre", "module": "produccion", "line": 1026}
{"ts": "2026-04-05T00:07:44.603077", "level": "WARNING", "logger": "core.services.hardware_service", "msg": "Error leyendo báscula en COM3: 'baud_rate'", "module": "hardware_service", "line": 70}
{"ts": "2026-04-05T00:07:44.885311", "level": "WARNING", "logger": "core.services.hardware_service", "msg": "Error leyendo báscula en COM3: 'baud_rate'", "module": "hardware_service", "line": 70}
{"ts": "2026-04-05T00:07:45.387819", "level": "WARNING", "logger": "core.services.hardware_service", "msg": "Error leyendo báscula en COM3: 'baud_rate'", "module": "hardware_service", "line": 70}
{"ts": "2026-04-05T00:07:45.886800", "level": "WARNING", "logger": "core.services.hardware_service", "msg": "Error leyendo báscula en COM3: 'baud_rate'", "module": "hardware_service", "line": 70}
{"ts": "2026-04-05T00:07:46.384111", "level": "WARNING", "logger": "core.services.hardware_service", "msg": "Error leyendo báscula en COM3: 'baud_rate'", "module": "hardware_service", "line": 70}
{"ts": "2026-04-05T00:07:46.890018", "level": "WARNING", "logger": "core.services.hardware_service", "msg": "Error leyendo báscula en COM3: 'baud_rate'", "module": "hardware_service", "line": 70}
{"ts": "2026-04-05T00:07:47.383927", "level": "WARNING", "logger": "core.services.hardware_service", "msg": "Error leyendo báscula en COM3: 'baud_rate'", "module": "hardware_service", "line": 70}
{"ts": "2026-04-05T00:07:47.884135", "level": "WARNING", "logger": "core.services.hardware_service", "msg": "Error leyendo báscula en COM3: 'baud_rate'", "module": "hardware_service", "line": 70}
{"ts": "2026-04-05T00:07:48.388415", "level": "WARNING", "logger": "core.services.hardware_service", "msg": "Error leyendo báscula en COM3: 'baud_rate'", "module": "hardware_service", "line": 70}
{"ts": "2026-04-05T00:07:48.887311", "level": "WARNING", "logger": "core.services.hardware_service", "msg": "Error leyendo báscula en COM3: 'baud_rate'", "module": "hardware_service", "line": 70}
{"ts": "2026-04-05T00:07:49.387966", "level": "WARNING", "logger": "core.services.hardware_service", "msg": "Error leyendo báscula en COM3: 'baud_rate'", "module": "hardware_service", "line": 70}
{"ts": "2026-04-05T00:07:49.889298", "level": "WARNING", "logger": "core.services.hardware_service", "msg": "Error leyendo báscula en COM3: 'baud_rate'", "module": "hardware_service", "line": 70}
{"ts": "2026-04-05T00:07:50.380986", "level": "WARNING", "logger": "core.services.hardware_service", "msg": "Error leyendo báscula en COM3: 'baud_rate'", "module": "hardware_service", "line": 70}
{"ts": "2026-04-05T00:07:50.881248", "level": "WARNING", "logger": "core.services.hardware_service", "msg": "Error leyendo báscula en COM3: 'baud_rate'", "module": "hardware_service", "line": 70}
{"ts": "2026-04-05T00:07:51.378672", "level": "WARNING", "logger": "core.services.hardware_service", "msg": "Error leyendo báscula en COM3: 'baud_rate'", "module": "hardware_service", "line": 70}
{"ts": "2026-04-05T00:07:51.893050", "level": "WARNING", "logger": "core.services.hardware_service", "msg": "Error leyendo báscula en COM3: 'baud_rate'", "module": "hardware_service", "line": 70}
{"ts": "2026-04-05T00:07:52.393210", "level": "WARNING", "logger": "core.services.hardware_service", "msg": "Error leyendo báscula en COM3: 'baud_rate'", "module": "hardware_service", "line": 70}
{"ts": "2026-04-05T00:07:52.893328", "level": "WARNING", "logger": "core.services.hardware_service", "msg": "Error leyendo báscula en COM3: 'baud_rate'", "module": "hardware_service", "line": 70}
{"ts": "2026-04-05T00:07:53.378663", "level": "WARNING", "logger": "core.services.hardware_service", "msg": "Error leyendo báscula en COM3: 'baud_rate'", "module": "hardware_service", "line": 70}
{"ts": "2026-04-05T00:07:53.893038", "level": "WARNING", "logger": "core.services.hardware_service", "msg": "Error leyendo báscula en COM3: 'baud_rate'", "module": "hardware_service", "line": 70}
{"ts": "2026-04-05T00:07:54.378749", "level": "WARNING", "logger": "core.services.hardware_service", "msg": "Error leyendo báscula en COM3: 'baud_rate'", "module": "hardware_service", "line": 70}
{"ts": "2026-04-05T00:07:54.892003", "level": "WARNING", "logger": "core.services.hardware_service", "msg": "Error leyendo báscula en COM3: 'baud_rate'", "module": "hardware_service", "line": 70}
{"ts": "2026-04-05T00:07:55.393071", "level": "WARNING", "logger": "core.services.hardware_service", "msg": "Error leyendo báscula en COM3: 'baud_rate'", "module": "hardware_service", "line": 70}
{"ts": "2026-04-05T00:07:55.891427", "level": "WARNING", "logger": "core.services.hardware_service", "msg": "Error leyendo báscula en COM3: 'baud_rate'", "module": "hardware_service", "line": 70}
{"ts": "2026-04-05T00:07:56.390605", "level": "WARNING", "logger": "core.services.hardware_service", "msg": "Error leyendo báscula en COM3: 'baud_rate'", "module": "hardware_service", "line": 70}
{"ts": "2026-04-05T00:07:56.878691", "level": "WARNING", "logger": "core.services.hardware_service", "msg": "Error leyendo báscula en COM3: 'baud_rate'", "module": "hardware_service", "line": 70}
{"ts": "2026-04-05T00:07:57.390554", "level": "WARNING", "logger": "core.services.hardware_service", "msg": "Error leyendo báscula en COM3: 'baud_rate'", "module": "hardware_service", "line": 70}
{"ts": "2026-04-05T00:07:57.889726", "level": "WARNING", "logger": "core.services.hardware_service", "msg": "Error leyendo báscula en COM3: 'baud_rate'", "module": "hardware_service", "line": 70}
{"ts": "2026-04-05T00:07:57.970070", "level": "INFO", "logger": "core.services.auth_service", "msg": "Acceso concedido a admin (admin).", "module": "auth_service", "line": 174}
{"ts": "2026-04-05T00:07:58.305034", "level": "INFO", "logger": "spj.session", "msg": "Sesión iniciada: Administrador Maestro (admin) en sucursal Principal [1]", "module": "session_context", "line": 100}
{"ts": "2026-04-05T00:07:59.719728", "level": "INFO", "logger": "spj.ventas", "msg": "✅ Ventas → sucursal activa: Principal (id=1)", "module": "ventas", "line": 866}
{"ts": "2026-04-05T00:07:59.800742", "level": "INFO", "logger": "spj.session", "msg": "Sucursal cambiada: Principal (1)", "module": "session_context", "line": 110}
{"ts": "2026-04-05T00:07:59.800918", "level": "INFO", "logger": "core.app_container", "msg": "Sucursal activa: 1 (Principal)", "module": "app_container", "line": 810}
{"ts": "2026-04-05T00:08:00.036914", "level": "WARNING", "logger": "core.services.hardware_service", "msg": "Error leyendo báscula en COM3: 'baud_rate'", "module": "hardware_service", "line": 70}
{"ts": "2026-04-05T00:08:00.394925", "level": "WARNING", "logger": "core.services.hardware_service", "msg": "Error leyendo báscula en COM3: 'baud_rate'", "module": "hardware_service", "line": 70}
{"ts": "2026-04-05T00:08:00.899451", "level": "WARNING", "logger": "core.services.hardware_service", "msg": "Error leyendo báscula en COM3: 'baud_rate'", "module": "hardware_service", "line": 70}
{"ts": "2026-04-05T00:08:01.403745", "level": "WARNING", "logger": "core.services.hardware_service", "msg": "Error leyendo báscula en COM3: 'baud_rate'", "module": "hardware_service", "line": 70}
{"ts": "2026-04-05T00:08:01.896832", "level": "WARNING", "logger": "core.services.hardware_service", "msg": "Error leyendo báscula en COM3: 'baud_rate'", "module": "hardware_service", "line": 70}
{"ts": "2026-04-05T00:08:02.400993", "level": "WARNING", "logger": "core.services.hardware_service", "msg": "Error leyendo báscula en COM3: 'baud_rate'", "module": "hardware_service", "line": 70}
{"ts": "2026-04-05T00:08:02.901755", "level": "WARNING", "logger": "core.services.hardware_service", "msg": "Error leyendo báscula en COM3: 'baud_rate'", "module": "hardware_service", "line": 70}
{"ts": "2026-04-05T00:08:03.399345", "level": "WARNING", "logger": "core.services.hardware_service", "msg": "Error leyendo báscula en COM3: 'baud_rate'", "module": "hardware_service", "line": 70}
{"ts": "2026-04-05T00:08:03.900507", "level": "WARNING", "logger": "core.services.hardware_service", "msg": "Error leyendo báscula en COM3: 'baud_rate'", "module": "hardware_service", "line": 70}
{"ts": "2026-04-05T00:08:04.397642", "level": "WARNING", "logger": "core.services.hardware_service", "msg": "Error leyendo báscula en COM3: 'baud_rate'", "module": "hardware_service", "line": 70}
{"ts": "2026-04-05T00:08:04.898816", "level": "WARNING", "logger": "core.services.hardware_service", "msg": "Error leyendo báscula en COM3: 'baud_rate'", "module": "hardware_service", "line": 70}
{"ts": "2026-04-05T00:08:05.397357", "level": "WARNING", "logger": "core.services.hardware_service", "msg": "Error leyendo báscula en COM3: 'baud_rate'", "module": "hardware_service", "line": 70}
{"ts": "2026-04-05T00:08:05.897801", "level": "WARNING", "logger": "core.services.hardware_service", "msg": "Error leyendo báscula en COM3: 'baud_rate'", "module": "hardware_service", "line": 70}
{"ts": "2026-04-05T00:08:06.398502", "level": "WARNING", "logger": "core.services.hardware_service", "msg": "Error leyendo báscula en COM3: 'baud_rate'", "module": "hardware_service", "line": 70}
{"ts": "2026-04-05T00:08:06.913772", "level": "WARNING", "logger": "core.services.hardware_service", "msg": "Error leyendo báscula en COM3: 'baud_rate'", "module": "hardware_service", "line": 70}
{"ts": "2026-04-05T00:08:07.430727", "level": "WARNING", "logger": "core.services.hardware_service", "msg": "Error leyendo báscula en COM3: 'baud_rate'", "module": "hardware_service", "line": 70}
{"ts": "2026-04-05T00:08:07.930956", "level": "WARNING", "logger": "core.services.hardware_service", "msg": "Error leyendo báscula en COM3: 'baud_rate'", "module": "hardware_service", "line": 70}
{"ts": "2026-04-05T00:08:08.431440", "level": "WARNING", "logger": "core.services.hardware_service", "msg": "Error leyendo báscula en COM3: 'baud_rate'", "module": "hardware_service", "line": 70}
{"ts": "2026-04-05T00:08:08.929461", "level": "WARNING", "logger": "core.services.hardware_service", "msg": "Error leyendo báscula en COM3: 'baud_rate'", "module": "hardware_service", "line": 70}
{"ts": "2026-04-05T00:08:09.429828", "level": "WARNING", "logger": "core.services.hardware_service", "msg": "Error leyendo báscula en COM3: 'baud_rate'", "module": "hardware_service", "line": 70}
{"ts": "2026-04-05T00:08:09.929084", "level": "WARNING", "logger": "core.services.hardware_service", "msg": "Error leyendo báscula en COM3: 'baud_rate'", "module": "hardware_service", "line": 70}
{"ts": "2026-04-05T00:08:10.430851", "level": "WARNING", "logger": "core.services.hardware_service", "msg": "Error leyendo báscula en COM3: 'baud_rate'", "module": "hardware_service", "line": 70}
{"ts": "2026-04-05T00:08:10.933856", "level": "WARNING", "logger": "core.services.hardware_service", "msg": "Error leyendo báscula en COM3: 'baud_rate'", "module": "hardware_service", "line": 70}
{"ts": "2026-04-05T00:08:11.433648", "level": "WARNING", "logger": "core.services.hardware_service", "msg": "Error leyendo báscula en COM3: 'baud_rate'", "module": "hardware_service", "line": 70}
{"ts": "2026-04-05T00:08:11.933438", "level": "WARNING", "logger": "core.services.hardware_service", "msg": "Error leyendo báscula en COM3: 'baud_rate'", "module": "hardware_service", "line": 70}
{"ts": "2026-04-05T00:08:12.429460", "level": "WARNING", "logger": "core.services.hardware_service", "msg": "Error leyendo báscula en COM3: 'baud_rate'", "module": "hardware_service", "line": 70}
{"ts": "2026-04-05T00:08:12.932548", "level": "WARNING", "logger": "core.services.hardware_service", "msg": "Error leyendo báscula en COM3: 'baud_rate'", "module": "hardware_service", "line": 70}
{"ts": "2026-04-05T00:08:13.429946", "level": "WARNING", "logger": "core.services.hardware_service", "msg": "Error leyendo báscula en COM3: 'baud_rate'", "module": "hardware_service", "line": 70}
{"ts": "2026-04-05T00:08:13.926774", "level": "WARNING", "logger": "core.services.hardware_service", "msg": "Error leyendo báscula en COM3: 'baud_rate'", "module": "hardware_service", "line": 70}
{"ts": "2026-04-05T00:08:14.426261", "level": "WARNING", "logger": "core.services.hardware_service", "msg": "Error leyendo báscula en COM3: 'baud_rate'", "module": "hardware_service", "line": 70}
{"ts": "2026-04-05T00:08:14.928640", "level": "WARNING", "logger": "core.services.hardware_service", "msg": "Error leyendo báscula en COM3: 'baud_rate'", "module": "hardware_service", "line": 70}
{"ts": "2026-04-05T00:08:15.437089", "level": "WARNING", "logger": "core.services.hardware_service", "msg": "Error leyendo báscula en COM3: 'baud_rate'", "module": "hardware_service", "line": 70}
{"ts": "2026-04-05T00:08:15.939496", "level": "WARNING", "logger": "core.services.hardware_service", "msg": "Error leyendo báscula en COM3: 'baud_rate'", "module": "hardware_service", "line": 70}
{"ts": "2026-04-05T00:08:16.438611", "level": "WARNING", "logger": "core.services.hardware_service", "msg": "Error leyendo báscula en COM3: 'baud_rate'", "module": "hardware_service", "line": 70}
{"ts": "2026-04-05T00:08:16.932139", "level": "WARNING", "logger": "core.services.hardware_service", "msg": "Error leyendo báscula en COM3: 'baud_rate'", "module": "hardware_service", "line": 70}
{"ts": "2026-04-05T00:08:17.439098", "level": "WARNING", "logger": "core.services.hardware_service", "msg": "Error leyendo báscula en COM3: 'baud_rate'", "module": "hardware_service", "line": 70}
{"ts": "2026-04-05T00:08:17.926162", "level": "WARNING", "logger": "core.services.hardware_service", "msg": "Error leyendo báscula en COM3: 'baud_rate'", "module": "hardware_service", "line": 70}
{"ts": "2026-04-05T00:08:18.434836", "level": "WARNING", "logger": "core.services.hardware_service", "msg": "Error leyendo báscula en COM3: 'baud_rate'", "module": "hardware_service", "line": 70}
{"ts": "2026-04-05T00:08:18.938112", "level": "WARNING", "logger": "core.services.hardware_service", "msg": "Error leyendo báscula en COM3: 'baud_rate'", "module": "hardware_service", "line": 70}
{"ts": "2026-04-05T00:08:19.439823", "level": "WARNING", "logger": "core.services.hardware_service", "msg": "Error leyendo báscula en COM3: 'baud_rate'", "module": "hardware_service", "line": 70}
{"ts": "2026-04-05T00:08:19.929622", "level": "WARNING", "logger": "core.services.hardware_service", "msg": "Error leyendo báscula en COM3: 'baud_rate'", "module": "hardware_service", "line": 70}
{"ts": "2026-04-05T00:08:20.433371", "level": "WARNING", "logger": "core.services.hardware_service", "msg": "Error leyendo báscula en COM3: 'baud_rate'", "module": "hardware_service", "line": 70}
{"ts": "2026-04-05T00:08:20.942064", "level": "WARNING", "logger": "core.services.hardware_service", "msg": "Error leyendo báscula en COM3: 'baud_rate'", "module": "hardware_service", "line": 70}
{"ts": "2026-04-05T00:08:21.451990", "level": "WARNING", "logger": "core.services.hardware_service", "msg": "Error leyendo báscula en COM3: 'baud_rate'", "module": "hardware_service", "line": 70}
{"ts": "2026-04-05T00:08:21.956754", "level": "WARNING", "logger": "core.services.hardware_service", "msg": "Error leyendo báscula en COM3: 'baud_rate'", "module": "hardware_service", "line": 70}
{"ts": "2026-04-05T00:08:22.456040", "level": "WARNING", "logger": "core.services.hardware_service", "msg": "Error leyendo báscula en COM3: 'baud_rate'", "module": "hardware_service", "line": 70}
{"ts": "2026-04-05T00:08:22.956919", "level": "WARNING", "logger": "core.services.hardware_service", "msg": "Error leyendo báscula en COM3: 'baud_rate'", "module": "hardware_service", "line": 70}
{"ts": "2026-04-05T00:08:23.455593", "level": "WARNING", "logger": "core.services.hardware_service", "msg": "Error leyendo báscula en COM3: 'baud_rate'", "module": "hardware_service", "line": 70}
{"ts": "2026-04-05T00:08:23.945194", "level": "WARNING", "logger": "core.services.hardware_service", "msg": "Error leyendo báscula en COM3: 'baud_rate'", "module": "hardware_service", "line": 70}
{"ts": "2026-04-05T00:08:24.469381", "level": "WARNING", "logger": "core.services.hardware_service", "msg": "Error leyendo báscula en COM3: 'baud_rate'", "module": "hardware_service", "line": 70}
{"ts": "2026-04-05T00:08:24.964476", "level": "WARNING", "logger": "core.services.hardware_service", "msg": "Error leyendo báscula en COM3: 'baud_rate'", "module": "hardware_service", "line": 70}
{"ts": "2026-04-05T00:08:25.461176", "level": "WARNING", "logger": "core.services.hardware_service", "msg": "Error leyendo báscula en COM3: 'baud_rate'", "module": "hardware_service", "line": 70}
{"ts": "2026-04-05T00:08:25.961445", "level": "WARNING", "logger": "core.services.hardware_service", "msg": "Error leyendo báscula en COM3: 'baud_rate'", "module": "hardware_service", "line": 70}
{"ts": "2026-04-05T00:08:26.462933", "level": "WARNING", "logger": "core.services.hardware_service", "msg": "Error leyendo báscula en COM3: 'baud_rate'", "module": "hardware_service", "line": 70}
{"ts": "2026-04-05T00:08:26.962755", "level": "WARNING", "logger": "core.services.hardware_service", "msg": "Error leyendo báscula en COM3: 'baud_rate'", "module": "hardware_service", "line": 70}
{"ts": "2026-04-05T00:08:27.463914", "level": "WARNING", "logger": "core.services.hardware_service", "msg": "Error leyendo báscula en COM3: 'baud_rate'", "module": "hardware_service", "line": 70}
{"ts": "2026-04-05T00:08:27.970436", "level": "WARNING", "logger": "core.services.hardware_service", "msg": "Error leyendo báscula en COM3: 'baud_rate'", "module": "hardware_service", "line": 70}
{"ts": "2026-04-05T00:08:28.465247", "level": "WARNING", "logger": "core.services.hardware_service", "msg": "Error leyendo báscula en COM3: 'baud_rate'", "module": "hardware_service", "line": 70}
{"ts": "2026-04-05T00:08:28.972564", "level": "WARNING", "logger": "core.services.hardware_service", "msg": "Error leyendo báscula en COM3: 'baud_rate'", "module": "hardware_service", "line": 70}
{"ts": "2026-04-05T00:08:29.472226", "level": "WARNING", "logger": "core.services.hardware_service", "msg": "Error leyendo báscula en COM3: 'baud_rate'", "module": "hardware_service", "line": 70}
{"ts": "2026-04-05T00:08:29.969985", "level": "WARNING", "logger": "core.services.hardware_service", "msg": "Error leyendo báscula en COM3: 'baud_rate'", "module": "hardware_service", "line": 70}
{"ts": "2026-04-05T00:08:30.472490", "level": "WARNING", "logger": "core.services.hardware_service", "msg": "Error leyendo báscula en COM3: 'baud_rate'", "module": "hardware_service", "line": 70}
{"ts": "2026-04-05T00:08:30.972568", "level": "WARNING", "logger": "core.services.hardware_service", "msg": "Error leyendo báscula en COM3: 'baud_rate'", "module": "hardware_service", "line": 70}
{"ts": "2026-04-05T00:08:31.487686", "level": "WARNING", "logger": "core.services.hardware_service", "msg": "Error leyendo báscula en COM3: 'baud_rate'", "module": "hardware_service", "line": 70}
{"ts": "2026-04-05T00:08:31.986675", "level": "WARNING", "logger": "core.services.hardware_service", "msg": "Error leyendo báscula en COM3: 'baud_rate'", "module": "hardware_service", "line": 70}
{"ts": "2026-04-05T00:08:32.473570", "level": "WARNING", "logger": "core.services.hardware_service", "msg": "Error leyendo báscula en COM3: 'baud_rate'", "module": "hardware_service", "line": 70}
{"ts": "2026-04-05T00:08:32.987739", "level": "WARNING", "logger": "core.services.hardware_service", "msg": "Error leyendo báscula en COM3: 'baud_rate'", "module": "hardware_service", "line": 70}
{"ts": "2026-04-05T00:08:33.488671", "level": "WARNING", "logger": "core.services.hardware_service", "msg": "Error leyendo báscula en COM3: 'baud_rate'", "module": "hardware_service", "line": 70}
{"ts": "2026-04-05T00:08:34.003539", "level": "WARNING", "logger": "core.services.hardware_service", "msg": "Error leyendo báscula en COM3: 'baud_rate'", "module": "hardware_service", "line": 70}
{"ts": "2026-04-05T00:08:34.490302", "level": "WARNING", "logger": "core.services.hardware_service", "msg": "Error leyendo báscula en COM3: 'baud_rate'", "module": "hardware_service", "line": 70}
{"ts": "2026-04-05T00:08:34.989440", "level": "WARNING", "logger": "core.services.hardware_service", "msg": "Error leyendo báscula en COM3: 'baud_rate'", "module": "hardware_service", "line": 70}
{"ts": "2026-04-05T00:08:35.494479", "level": "WARNING", "logger": "core.services.hardware_service", "msg": "Error leyendo báscula en COM3: 'baud_rate'", "module": "hardware_service", "line": 70}
{"ts": "2026-04-05T00:08:36.003030", "level": "WARNING", "logger": "core.services.hardware_service", "msg": "Error leyendo báscula en COM3: 'baud_rate'", "module": "hardware_service", "line": 70}
{"ts": "2026-04-05T00:08:36.502160", "level": "WARNING", "logger": "core.services.hardware_service", "msg": "Error leyendo báscula en COM3: 'baud_rate'", "module": "hardware_service", "line": 70}
{"ts": "2026-04-05T00:08:37.003466", "level": "WARNING", "logger": "core.services.hardware_service", "msg": "Error leyendo báscula en COM3: 'baud_rate'", "module": "hardware_service", "line": 70}
{"ts": "2026-04-05T00:08:37.505919", "level": "WARNING", "logger": "core.services.hardware_service", "msg": "Error leyendo báscula en COM3: 'baud_rate'", "module": "hardware_service", "line": 70}
{"ts": "2026-04-05T00:08:37.652940", "level": "INFO", "logger": "spj.scheduler", "msg": "Scheduler 'escalacion_pedidos_wa' OK (0.00s)", "module": "scheduler_service", "line": 196}
{"ts": "2026-04-05T00:08:37.653322", "level": "INFO", "logger": "spj.scheduler", "msg": "Scheduler 'happy_hour_check' OK (0.00s)", "module": "scheduler_service", "line": 196}
{"ts": "2026-04-05T00:08:38.004337", "level": "WARNING", "logger": "core.services.hardware_service", "msg": "Error leyendo báscula en COM3: 'baud_rate'", "module": "hardware_service", "line": 70}
{"ts": "2026-04-05T00:08:38.510469", "level": "WARNING", "logger": "core.services.hardware_service", "msg": "Error leyendo báscula en COM3: 'baud_rate'", "module": "hardware_service", "line": 70}
{"ts": "2026-04-05T00:08:39.003478", "level": "WARNING", "logger": "core.services.hardware_service", "msg": "Error leyendo báscula en COM3: 'baud_rate'", "module": "hardware_service", "line": 70}
{"ts": "2026-04-05T00:08:39.503887", "level": "WARNING", "logger": "core.services.hardware_service", "msg": "Error leyendo báscula en COM3: 'baud_rate'", "module": "hardware_service", "line": 70}
{"ts": "2026-04-05T00:08:40.020082", "level": "WARNING", "logger": "core.services.hardware_service", "msg": "Error leyendo báscula en COM3: 'baud_rate'", "module": "hardware_service", "line": 70}
{"ts": "2026-04-05T00:08:40.522721", "level": "WARNING", "logger": "core.services.hardware_service", "msg": "Error leyendo báscula en COM3: 'baud_rate'", "module": "hardware_service", "line": 70}
{"ts": "2026-04-05T00:08:41.020013", "level": "WARNING", "logger": "core.services.hardware_service", "msg": "Error leyendo báscula en COM3: 'baud_rate'", "module": "hardware_service", "line": 70}
{"ts": "2026-04-05T00:08:41.534303", "level": "WARNING", "logger": "core.services.hardware_service", "msg": "Error leyendo báscula en COM3: 'baud_rate'", "module": "hardware_service", "line": 70}
{"ts": "2026-04-05T00:08:42.120548", "level": "WARNING", "logger": "core.services.hardware_service", "msg": "Error leyendo báscula en COM3: 'baud_rate'", "module": "hardware_service", "line": 70}
{"ts": "2026-04-05T00:08:42.527026", "level": "WARNING", "logger": "core.services.hardware_service", "msg": "Error leyendo báscula en COM3: 'baud_rate'", "module": "hardware_service", "line": 70}
{"ts": "2026-04-05T00:08:43.033123", "level": "WARNING", "logger": "core.services.hardware_service", "msg": "Error leyendo báscula en COM3: 'baud_rate'", "module": "hardware_service", "line": 70}
{"ts": "2026-04-05T00:08:43.529193", "level": "WARNING", "logger": "core.services.hardware_service", "msg": "Error leyendo báscula en COM3: 'baud_rate'", "module": "hardware_service", "line": 70}
{"ts": "2026-04-05T00:08:44.032614", "level": "WARNING", "logger": "core.services.hardware_service", "msg": "Error leyendo báscula en COM3: 'baud_rate'", "module": "hardware_service", "line": 70}
{"ts": "2026-04-05T00:08:44.533089", "level": "WARNING", "logger": "core.services.hardware_service", "msg": "Error leyendo báscula en COM3: 'baud_rate'", "module": "hardware_service", "line": 70}
{"ts": "2026-04-05T00:08:45.047198", "level": "WARNING", "logger": "core.services.hardware_service", "msg": "Error leyendo báscula en COM3: 'baud_rate'", "module": "hardware_service", "line": 70}
{"ts": "2026-04-05T00:08:45.548059", "level": "WARNING", "logger": "core.services.hardware_service", "msg": "Error leyendo báscula en COM3: 'baud_rate'", "module": "hardware_service", "line": 70}
{"ts": "2026-04-05T00:08:46.048297", "level": "WARNING", "logger": "core.services.hardware_service", "msg": "Error leyendo báscula en COM3: 'baud_rate'", "module": "hardware_service", "line": 70}
{"ts": "2026-04-05T00:08:46.538170", "level": "WARNING", "logger": "core.services.hardware_service", "msg": "Error leyendo báscula en COM3: 'baud_rate'", "module": "hardware_service", "line": 70}
{"ts": "2026-04-05T00:08:47.040548", "level": "WARNING", "logger": "core.services.hardware_service", "msg": "Error leyendo báscula en COM3: 'baud_rate'", "module": "hardware_service", "line": 70}
{"ts": "2026-04-05T00:08:47.539260", "level": "WARNING", "logger": "core.services.hardware_service", "msg": "Error leyendo báscula en COM3: 'baud_rate'", "module": "hardware_service", "line": 70}
{"ts": "2026-04-05T00:08:48.040299", "level": "WARNING", "logger": "core.services.hardware_service", "msg": "Error leyendo báscula en COM3: 'baud_rate'", "module": "hardware_service", "line": 70}
{"ts": "2026-04-05T00:08:48.536416", "level": "WARNING", "logger": "core.services.hardware_service", "msg": "Error leyendo báscula en COM3: 'baud_rate'", "module": "hardware_service", "line": 70}
{"ts": "2026-04-05T00:08:49.039205", "level": "WARNING", "logger": "core.services.hardware_service", "msg": "Error leyendo báscula en COM3: 'baud_rate'", "module": "hardware_service", "line": 70}
{"ts": "2026-04-05T00:08:49.539692", "level": "WARNING", "logger": "core.services.hardware_service", "msg": "Error leyendo báscula en COM3: 'baud_rate'", "module": "hardware_service", "line": 70}
{"ts": "2026-04-05T00:08:50.037140", "level": "WARNING", "logger": "core.services.hardware_service", "msg": "Error leyendo báscula en COM3: 'baud_rate'", "module": "hardware_service", "line": 70}
{"ts": "2026-04-05T00:08:50.534552", "level": "WARNING", "logger": "core.services.hardware_service", "msg": "Error leyendo báscula en COM3: 'baud_rate'", "module": "hardware_service", "line": 70}
{"ts": "2026-04-05T00:08:51.038642", "level": "WARNING", "logger": "core.services.hardware_service", "msg": "Error leyendo báscula en COM3: 'baud_rate'", "module": "hardware_service", "line": 70}
{"ts": "2026-04-05T00:08:51.540505", "level": "WARNING", "logger": "core.services.hardware_service", "msg": "Error leyendo báscula en COM3: 'baud_rate'", "module": "hardware_service", "line": 70}
{"ts": "2026-04-05T00:08:52.055270", "level": "WARNING", "logger": "core.services.hardware_service", "msg": "Error leyendo báscula en COM3: 'baud_rate'", "module": "hardware_service", "line": 70}
{"ts": "2026-04-05T00:08:52.559404", "level": "WARNING", "logger": "core.services.hardware_service", "msg": "Error leyendo báscula en COM3: 'baud_rate'", "module": "hardware_service", "line": 70}
{"ts": "2026-04-05T00:08:53.054022", "level": "WARNING", "logger": "core.services.hardware_service", "msg": "Error leyendo báscula en COM3: 'baud_rate'", "module": "hardware_service", "line": 70}
{"ts": "2026-04-05T00:08:53.561784", "level": "WARNING", "logger": "core.services.hardware_service", "msg": "Error leyendo báscula en COM3: 'baud_rate'", "module": "hardware_service", "line": 70}
{"ts": "2026-04-05T00:08:54.060565", "level": "WARNING", "logger": "core.services.hardware_service", "msg": "Error leyendo báscula en COM3: 'baud_rate'", "module": "hardware_service", "line": 70}
{"ts": "2026-04-05T00:08:54.559229", "level": "WARNING", "logger": "core.services.hardware_service", "msg": "Error leyendo báscula en COM3: 'baud_rate'", "module": "hardware_service", "line": 70}
{"ts": "2026-04-05T00:08:55.056190", "level": "WARNING", "logger": "core.services.hardware_service", "msg": "Error leyendo báscula en COM3: 'baud_rate'", "module": "hardware_service", "line": 70}
{"ts": "2026-04-05T00:08:55.555900", "level": "WARNING", "logger": "core.services.hardware_service", "msg": "Error leyendo báscula en COM3: 'baud_rate'", "module": "hardware_service", "line": 70}
{"ts": "2026-04-05T00:08:57.016806", "level": "WARNING", "logger": "core.services.hardware_service", "msg": "Error leyendo báscula en COM3: 'baud_rate'", "module": "hardware_service", "line": 70}
{"ts": "2026-04-05T00:08:57.211396", "level": "WARNING", "logger": "core.services.hardware_service", "msg": "Error leyendo báscula en COM3: 'baud_rate'", "module": "hardware_service", "line": 70}
{"ts": "2026-04-05T00:08:57.574485", "level": "WARNING", "logger": "core.services.hardware_service", "msg": "Error leyendo báscula en COM3: 'baud_rate'", "module": "hardware_service", "line": 70}
{"ts": "2026-04-05T00:08:58.069081", "level": "WARNING", "logger": "core.services.hardware_service", "msg": "Error leyendo báscula en COM3: 'baud_rate'", "module": "hardware_service", "line": 70}
{"ts": "2026-04-05T00:08:58.568196", "level": "WARNING", "logger": "core.services.hardware_service", "msg": "Error leyendo báscula en COM3: 'baud_rate'", "module": "hardware_service", "line": 70}
{"ts": "2026-04-05T00:08:59.066677", "level": "WARNING", "logger": "core.services.hardware_service", "msg": "Error leyendo báscula en COM3: 'baud_rate'", "module": "hardware_service", "line": 70}
{"ts": "2026-04-05T00:08:59.568529", "level": "WARNING", "logger": "core.services.hardware_service", "msg": "Error leyendo báscula en COM3: 'baud_rate'", "module": "hardware_service", "line": 70}
{"ts": "2026-04-05T00:09:00.081395", "level": "WARNING", "logger": "core.services.hardware_service", "msg": "Error leyendo báscula en COM3: 'baud_rate'", "module": "hardware_service", "line": 70}
{"ts": "2026-04-05T00:09:00.581383", "level": "WARNING", "logger": "core.services.hardware_service", "msg": "Error leyendo báscula en COM3: 'baud_rate'", "module": "hardware_service", "line": 70}
{"ts": "2026-04-05T00:09:01.082170", "level": "WARNING", "logger": "core.services.hardware_service", "msg": "Error leyendo báscula en COM3: 'baud_rate'", "module": "hardware_service", "line": 70}
{"ts": "2026-04-05T00:09:01.584044", "level": "WARNING", "logger": "core.services.hardware_service", "msg": "Error leyendo báscula en COM3: 'baud_rate'", "module": "hardware_service", "line": 70}
{"ts": "2026-04-05T00:09:02.091523", "level": "WARNING", "logger": "core.services.hardware_service", "msg": "Error leyendo báscula en COM3: 'baud_rate'", "module": "hardware_service", "line": 70}
{"ts": "2026-04-05T00:09:02.594265", "level": "WARNING", "logger": "core.services.hardware_service", "msg": "Error leyendo báscula en COM3: 'baud_rate'", "module": "hardware_service", "line": 70}
{"ts": "2026-04-05T00:09:03.097136", "level": "WARNING", "logger": "core.services.hardware_service", "msg": "Error leyendo báscula en COM3: 'baud_rate'", "module": "hardware_service", "line": 70}
{"ts": "2026-04-05T00:09:03.585642", "level": "WARNING", "logger": "core.services.hardware_service", "msg": "Error leyendo báscula en COM3: 'baud_rate'", "module": "hardware_service", "line": 70}
{"ts": "2026-04-05T00:09:04.101072", "level": "WARNING", "logger": "core.services.hardware_service", "msg": "Error leyendo báscula en COM3: 'baud_rate'", "module": "hardware_service", "line": 70}
{"ts": "2026-04-05T00:09:04.598367", "level": "WARNING", "logger": "core.services.hardware_service", "msg": "Error leyendo báscula en COM3: 'baud_rate'", "module": "hardware_service", "line": 70}
{"ts": "2026-04-05T00:09:05.099093", "level": "WARNING", "logger": "core.services.hardware_service", "msg": "Error leyendo báscula en COM3: 'baud_rate'", "module": "hardware_service", "line": 70}
{"ts": "2026-04-05T00:09:05.600616", "level": "WARNING", "logger": "core.services.hardware_service", "msg": "Error leyendo báscula en COM3: 'baud_rate'", "module": "hardware_service", "line": 70}
{"ts": "2026-04-05T00:09:06.113638", "level": "WARNING", "logger": "core.services.hardware_service", "msg": "Error leyendo báscula en COM3: 'baud_rate'", "module": "hardware_service", "line": 70}
{"ts": "2026-04-05T00:09:06.621543", "level": "WARNING", "logger": "core.services.hardware_service", "msg": "Error leyendo báscula en COM3: 'baud_rate'", "module": "hardware_service", "line": 70}
{"ts": "2026-04-05T00:09:07.123290", "level": "WARNING", "logger": "core.services.hardware_service", "msg": "Error leyendo báscula en COM3: 'baud_rate'", "module": "hardware_service", "line": 70}
{"ts": "2026-04-05T00:09:07.624226", "level": "WARNING", "logger": "core.services.hardware_service", "msg": "Error leyendo báscula en COM3: 'baud_rate'", "module": "hardware_service", "line": 70}
{"ts": "2026-04-05T00:09:08.123975", "level": "WARNING", "logger": "core.services.hardware_service", "msg": "Error leyendo báscula en COM3: 'baud_rate'", "module": "hardware_service", "line": 70}
{"ts": "2026-04-05T00:09:08.621946", "level": "WARNING", "logger": "core.services.hardware_service", "msg": "Error leyendo báscula en COM3: 'baud_rate'", "module": "hardware_service", "line": 70}
{"ts": "2026-04-05T00:09:09.129513", "level": "WARNING", "logger": "core.services.hardware_service", "msg": "Error leyendo báscula en COM3: 'baud_rate'", "module": "hardware_service", "line": 70}
{"ts": "2026-04-05T00:09:09.641873", "level": "WARNING", "logger": "core.services.hardware_service", "msg": "Error leyendo báscula en COM3: 'baud_rate'", "module": "hardware_service", "line": 70}
{"ts": "2026-04-05T00:09:10.142252", "level": "WARNING", "logger": "core.services.hardware_service", "msg": "Error leyendo báscula en COM3: 'baud_rate'", "module": "hardware_service", "line": 70}
{"ts": "2026-04-05T00:09:10.644089", "level": "WARNING", "logger": "core.services.hardware_service", "msg": "Error leyendo báscula en COM3: 'baud_rate'", "module": "hardware_service", "line": 70}
{"ts": "2026-04-05T00:09:11.144237", "level": "WARNING", "logger": "core.services.hardware_service", "msg": "Error leyendo báscula en COM3: 'baud_rate'", "module": "hardware_service", "line": 70}
{"ts": "2026-04-05T00:09:11.640833", "level": "WARNING", "logger": "core.services.hardware_service", "msg": "Error leyendo báscula en COM3: 'baud_rate'", "module": "hardware_service", "line": 70}
{"ts": "2026-04-05T00:09:12.140651", "level": "WARNING", "logger": "core.services.hardware_service", "msg": "Error leyendo báscula en COM3: 'baud_rate'", "module": "hardware_service", "line": 70}
{"ts": "2026-04-05T00:09:12.636802", "level": "WARNING", "logger": "core.services.hardware_service", "msg": "Error leyendo báscula en COM3: 'baud_rate'", "module": "hardware_service", "line": 70}
{"ts": "2026-04-05T00:09:13.137706", "level": "WARNING", "logger": "core.services.hardware_service", "msg": "Error leyendo báscula en COM3: 'baud_rate'", "module": "hardware_service", "line": 70}
{"ts": "2026-04-05T00:09:13.634152", "level": "WARNING", "logger": "core.services.hardware_service", "msg": "Error leyendo báscula en COM3: 'baud_rate'", "module": "hardware_service", "line": 70}
{"ts": "2026-04-05T00:09:14.136779", "level": "WARNING", "logger": "core.services.hardware_service", "msg": "Error leyendo báscula en COM3: 'baud_rate'", "module": "hardware_service", "line": 70}
{"ts": "2026-04-05T00:09:14.633628", "level": "WARNING", "logger": "core.services.hardware_service", "msg": "Error leyendo báscula en COM3: 'baud_rate'", "module": "hardware_service", "line": 70}
{"ts": "2026-04-05T00:09:15.154242", "level": "WARNING", "logger": "core.services.hardware_service", "msg": "Error leyendo báscula en COM3: 'baud_rate'", "module": "hardware_service", "line": 70}
{"ts": "2026-04-05T00:09:15.636163", "level": "WARNING", "logger": "core.services.hardware_service", "msg": "Error leyendo báscula en COM3: 'baud_rate'", "module": "hardware_service", "line": 70}
{"ts": "2026-04-05T00:09:16.138505", "level": "WARNING", "logger": "core.services.hardware_service", "msg": "Error leyendo báscula en COM3: 'baud_rate'", "module": "hardware_service", "line": 70}
{"ts": "2026-04-05T00:09:16.634649", "level": "WARNING", "logger": "core.services.hardware_service", "msg": "Error leyendo báscula en COM3: 'baud_rate'", "module": "hardware_service", "line": 70}
{"ts": "2026-04-05T00:09:17.160599", "level": "WARNING", "logger": "core.services.hardware_service", "msg": "Error leyendo báscula en COM3: 'baud_rate'", "module": "hardware_service", "line": 70}
{"ts": "2026-04-05T00:09:17.633633", "level": "WARNING", "logger": "core.services.hardware_service", "msg": "Error leyendo báscula en COM3: 'baud_rate'", "module": "hardware_service", "line": 70}
{"ts": "2026-04-05T00:09:18.140857", "level": "WARNING", "logger": "core.services.hardware_service", "msg": "Error leyendo báscula en COM3: 'baud_rate'", "module": "hardware_service", "line": 70}
{"ts": "2026-04-05T00:09:18.768512", "level": "WARNING", "logger": "core.services.hardware_service", "msg": "Error leyendo báscula en COM3: 'baud_rate'", "module": "hardware_service", "line": 70}
{"ts": "2026-04-05T00:09:19.197263", "level": "INFO", "logger": "spj.printer", "msg": "Cola de impresión detenida (impresos=0, fallos=0)", "module": "printer_service", "line": 201}
{"ts": "2026-04-05T00:09:19.199682", "level": "INFO", "logger": "spj.scheduler", "msg": "SchedulerService detenido.", "module": "scheduler_service", "line": 150}
{"ts": "2026-04-05T00:09:19.204846", "level": "INFO", "logger": "SPJ.Boot", "msg": "Sistema cerrado. Código: 0", "module": "main", "line": 175}
